<?xml version="1.0" encoding="UTF-8"?>
<testsuite name="com.demoqa.JUnitDemoTest" tests="2" skipped="0" failures="0" errors="0" timestamp="2022-10-02T20:02:48" hostname="DESKTOP-JK4E7ES" time="0.073">
  <properties/>
  <testcase name="simpleTestSecond()" classname="com.demoqa.JUnitDemoTest" time="0.063"/>
  <testcase name="simpleTestFirst()" classname="com.demoqa.JUnitDemoTest" time="0.007"/>
  <system-out><![CDATA[### @BeforeAll !
### @Test simpleTestSecond() !
### @Test simpleTestFirst() !
]]></system-out>
  <system-err><![CDATA[]]></system-err>
</testsuite>
